[     567ms] [INFO] Connecting to 'https://tiles.openfreemap.org/styles/positron' violates the following Content Security Policy directive: "connect-src 'self' https://api.stripe.com". The policy is report-only, so the violation has been logged but no further action has been taken. @ https://one.octavo.press/_next/static/chunks/1bs0djjc201mw.js:0
[     568ms] [INFO] Connecting to 'https://tiles.openfreemap.org/styles/positron' violates the following Content Security Policy directive: "connect-src 'self' https://api.stripe.com". The policy is report-only, so the violation has been logged but no further action has been taken. @ https://one.octavo.press/_next/static/chunks/1bs0djjc201mw.js:0
[     652ms] [INFO] Connecting to 'https://tiles.openfreemap.org/planet' violates the following Content Security Policy directive: "connect-src 'self' https://api.stripe.com". The policy is report-only, so the violation has been logged but no further action has been taken. @ https://one.octavo.press/_next/static/chunks/1bs0djjc201mw.js:0
[     653ms] [INFO] Connecting to 'https://tiles.openfreemap.org/planet' violates the following Content Security Policy directive: "connect-src 'self' https://api.stripe.com". The policy is report-only, so the violation has been logged but no further action has been taken. @ https://one.octavo.press/_next/static/chunks/1bs0djjc201mw.js:0
[     653ms] [INFO] Connecting to 'https://tiles.openfreemap.org/sprites/ofm_f384/ofm@2x.json' violates the following Content Security Policy directive: "connect-src 'self' https://api.stripe.com". The policy is report-only, so the violation has been logged but no further action has been taken. @ https://one.octavo.press/_next/static/chunks/1bs0djjc201mw.js:0
[     653ms] [INFO] Connecting to 'https://tiles.openfreemap.org/sprites/ofm_f384/ofm@2x.json' violates the following Content Security Policy directive: "connect-src 'self' https://api.stripe.com". The policy is report-only, so the violation has been logged but no further action has been taken. @ https://one.octavo.press/_next/static/chunks/1bs0djjc201mw.js:0
[     655ms] [INFO] Connecting to 'https://tiles.openfreemap.org/sprites/ofm_f384/ofm@2x.png' violates the following Content Security Policy directive: "connect-src 'self' https://api.stripe.com". The policy is report-only, so the violation has been logged but no further action has been taken. @ https://one.octavo.press/_next/static/chunks/1bs0djjc201mw.js:0
[     655ms] [INFO] Connecting to 'https://tiles.openfreemap.org/sprites/ofm_f384/ofm@2x.png' violates the following Content Security Policy directive: "connect-src 'self' https://api.stripe.com". The policy is report-only, so the violation has been logged but no further action has been taken. @ https://one.octavo.press/_next/static/chunks/1bs0djjc201mw.js:0
[     755ms] [INFO] Loading the script 'https://js.stripe.com/clover/stripe.js' violates the following Content Security Policy directive: "script-src 'self' 'unsafe-eval' 'unsafe-inline'". Note that 'script-src-elem' was not explicitly set, so 'script-src' is used as a fallback. The policy is report-only, so the violation has been logged but no further action has been taken. @ https://one.octavo.press/_next/static/chunks/1th69o7_j3guh.js:0
[     903ms] [WARNING] Expected value to be of type number, but found null instead. @ blob:https://one.octavo.press/4857f431-dc9e-4629-bd0f-e5de67f720f8:0
[     904ms] [WARNING] Expected value to be of type number, but found null instead. @ blob:https://one.octavo.press/4857f431-dc9e-4629-bd0f-e5de67f720f8:0
[     905ms] [WARNING] Expected value to be of type number, but found null instead. @ blob:https://one.octavo.press/4857f431-dc9e-4629-bd0f-e5de67f720f8:0
[    1000ms] [INFO] Connecting to 'https://tiles.openfreemap.org/fonts/Noto%20Sans%20Italic/0-255.pbf' violates the following Content Security Policy directive: "connect-src 'self' https://api.stripe.com". The policy is report-only, so the violation has been logged but no further action has been taken. @ https://one.octavo.press/_next/static/chunks/1bs0djjc201mw.js:0
[    1000ms] [INFO] Connecting to 'https://tiles.openfreemap.org/fonts/Noto%20Sans%20Italic/0-255.pbf' violates the following Content Security Policy directive: "connect-src 'self' https://api.stripe.com". The policy is report-only, so the violation has been logged but no further action has been taken. @ https://one.octavo.press/_next/static/chunks/1bs0djjc201mw.js:0
[    1000ms] [INFO] Connecting to 'https://tiles.openfreemap.org/fonts/Noto%20Sans%20Regular/0-255.pbf' violates the following Content Security Policy directive: "connect-src 'self' https://api.stripe.com". The policy is report-only, so the violation has been logged but no further action has been taken. @ https://one.octavo.press/_next/static/chunks/1bs0djjc201mw.js:0
[    1001ms] [INFO] Connecting to 'https://tiles.openfreemap.org/fonts/Noto%20Sans%20Regular/0-255.pbf' violates the following Content Security Policy directive: "connect-src 'self' https://api.stripe.com". The policy is report-only, so the violation has been logged but no further action has been taken. @ https://one.octavo.press/_next/static/chunks/1bs0djjc201mw.js:0
[    1006ms] Error: Expected publishable key to be of type string, got type undefined instead.
    at b (https://one.octavo.press/_next/static/chunks/1th69o7_j3guh.js:1:1731)
    at https://one.octavo.press/_next/static/chunks/1th69o7_j3guh.js:1:3107
[    1450ms] [ERROR] Error @ https://one.octavo.press/_next/static/chunks/1bs0djjc201mw.js:0
[    1451ms] [ERROR] Error @ https://one.octavo.press/_next/static/chunks/1bs0djjc201mw.js:0
[    1451ms] [ERROR] Error @ https://one.octavo.press/_next/static/chunks/1bs0djjc201mw.js:0
[    1451ms] [ERROR] Error @ https://one.octavo.press/_next/static/chunks/1bs0djjc201mw.js:0
[    1468ms] [ERROR] Error @ https://one.octavo.press/_next/static/chunks/1bs0djjc201mw.js:0
[    1470ms] [ERROR] Error @ https://one.octavo.press/_next/static/chunks/1bs0djjc201mw.js:0
[    1470ms] [ERROR] Error @ https://one.octavo.press/_next/static/chunks/1bs0djjc201mw.js:0
[    1470ms] [ERROR] Error @ https://one.octavo.press/_next/static/chunks/1bs0djjc201mw.js:0
[    1496ms] [ERROR] Error @ https://one.octavo.press/_next/static/chunks/1bs0djjc201mw.js:0
[    1497ms] [ERROR] Error @ https://one.octavo.press/_next/static/chunks/1bs0djjc201mw.js:0
[    1528ms] [ERROR] Error @ https://one.octavo.press/_next/static/chunks/1bs0djjc201mw.js:0
[    1991ms] [ERROR] Framing 'https://js.stripe.com/' violates the following report-only Content Security Policy directive: "default-src 'self'". The violation has been logged, but no further action has been taken. Note that 'frame-src' was not explicitly set, so 'default-src' is used as a fallback.
 @ https://js.stripe.com/:0
[    1994ms] [ERROR] Framing 'https://js.stripe.com/' violates the following report-only Content Security Policy directive: "default-src 'self'". The violation has been logged, but no further action has been taken. Note that 'frame-src' was not explicitly set, so 'default-src' is used as a fallback.
 @ https://js.stripe.com/:0
[   44009ms] [INFO] Connecting to 'https://tiles.openfreemap.org/styles/positron' violates the following Content Security Policy directive: "connect-src 'self' https://api.stripe.com". The policy is report-only, so the violation has been logged but no further action has been taken. @ https://one.octavo.press/_next/static/chunks/1bs0djjc201mw.js:0
[   44010ms] [INFO] Connecting to 'https://tiles.openfreemap.org/styles/positron' violates the following Content Security Policy directive: "connect-src 'self' https://api.stripe.com". The policy is report-only, so the violation has been logged but no further action has been taken. @ https://one.octavo.press/_next/static/chunks/1bs0djjc201mw.js:0
[   44026ms] [INFO] Loading the script 'https://js.stripe.com/clover/stripe.js' violates the following Content Security Policy directive: "script-src 'self' 'unsafe-eval' 'unsafe-inline'". Note that 'script-src-elem' was not explicitly set, so 'script-src' is used as a fallback. The policy is report-only, so the violation has been logged but no further action has been taken. @ https://one.octavo.press/_next/static/chunks/1th69o7_j3guh.js:0
[   44052ms] [INFO] Connecting to 'https://tiles.openfreemap.org/planet' violates the following Content Security Policy directive: "connect-src 'self' https://api.stripe.com". The policy is report-only, so the violation has been logged but no further action has been taken. @ https://one.octavo.press/_next/static/chunks/1bs0djjc201mw.js:0
[   44052ms] [INFO] Connecting to 'https://tiles.openfreemap.org/planet' violates the following Content Security Policy directive: "connect-src 'self' https://api.stripe.com". The policy is report-only, so the violation has been logged but no further action has been taken. @ https://one.octavo.press/_next/static/chunks/1bs0djjc201mw.js:0
[   44053ms] [INFO] Connecting to 'https://tiles.openfreemap.org/sprites/ofm_f384/ofm@2x.json' violates the following Content Security Policy directive: "connect-src 'self' https://api.stripe.com". The policy is report-only, so the violation has been logged but no further action has been taken. @ https://one.octavo.press/_next/static/chunks/1bs0djjc201mw.js:0
[   44053ms] [INFO] Connecting to 'https://tiles.openfreemap.org/sprites/ofm_f384/ofm@2x.json' violates the following Content Security Policy directive: "connect-src 'self' https://api.stripe.com". The policy is report-only, so the violation has been logged but no further action has been taken. @ https://one.octavo.press/_next/static/chunks/1bs0djjc201mw.js:0
[   44054ms] [INFO] Connecting to 'https://tiles.openfreemap.org/sprites/ofm_f384/ofm@2x.png' violates the following Content Security Policy directive: "connect-src 'self' https://api.stripe.com". The policy is report-only, so the violation has been logged but no further action has been taken. @ https://one.octavo.press/_next/static/chunks/1bs0djjc201mw.js:0
[   44054ms] [INFO] Connecting to 'https://tiles.openfreemap.org/sprites/ofm_f384/ofm@2x.png' violates the following Content Security Policy directive: "connect-src 'self' https://api.stripe.com". The policy is report-only, so the violation has been logged but no further action has been taken. @ https://one.octavo.press/_next/static/chunks/1bs0djjc201mw.js:0
[   44126ms] Error: Expected publishable key to be of type string, got type undefined instead.
    at b (https://one.octavo.press/_next/static/chunks/1th69o7_j3guh.js:1:1731)
    at https://one.octavo.press/_next/static/chunks/1th69o7_j3guh.js:1:3107
[   44259ms] [WARNING] Expected value to be of type number, but found null instead. @ blob:https://one.octavo.press/f6aaf9ff-2252-46ec-b109-4ede7f777e98:0
[   44259ms] [WARNING] Expected value to be of type number, but found null instead. @ blob:https://one.octavo.press/f6aaf9ff-2252-46ec-b109-4ede7f777e98:0
[   44261ms] [WARNING] Expected value to be of type number, but found null instead. @ blob:https://one.octavo.press/f6aaf9ff-2252-46ec-b109-4ede7f777e98:0
[   44264ms] [INFO] Connecting to 'https://tiles.openfreemap.org/fonts/Noto%20Sans%20Italic/0-255.pbf' violates the following Content Security Policy directive: "connect-src 'self' https://api.stripe.com". The policy is report-only, so the violation has been logged but no further action has been taken. @ https://one.octavo.press/_next/static/chunks/1bs0djjc201mw.js:0
[   44264ms] [INFO] Connecting to 'https://tiles.openfreemap.org/fonts/Noto%20Sans%20Italic/0-255.pbf' violates the following Content Security Policy directive: "connect-src 'self' https://api.stripe.com". The policy is report-only, so the violation has been logged but no further action has been taken. @ https://one.octavo.press/_next/static/chunks/1bs0djjc201mw.js:0
[   44265ms] [INFO] Connecting to 'https://tiles.openfreemap.org/fonts/Noto%20Sans%20Regular/0-255.pbf' violates the following Content Security Policy directive: "connect-src 'self' https://api.stripe.com". The policy is report-only, so the violation has been logged but no further action has been taken. @ https://one.octavo.press/_next/static/chunks/1bs0djjc201mw.js:0
[   44265ms] [INFO] Connecting to 'https://tiles.openfreemap.org/fonts/Noto%20Sans%20Regular/0-255.pbf' violates the following Content Security Policy directive: "connect-src 'self' https://api.stripe.com". The policy is report-only, so the violation has been logged but no further action has been taken. @ https://one.octavo.press/_next/static/chunks/1bs0djjc201mw.js:0
[   44733ms] [ERROR] Error @ https://one.octavo.press/_next/static/chunks/1bs0djjc201mw.js:0
[   44733ms] [ERROR] Error @ https://one.octavo.press/_next/static/chunks/1bs0djjc201mw.js:0
[   44734ms] [ERROR] Error @ https://one.octavo.press/_next/static/chunks/1bs0djjc201mw.js:0
[   44734ms] [ERROR] Error @ https://one.octavo.press/_next/static/chunks/1bs0djjc201mw.js:0
[   44743ms] [ERROR] Error @ https://one.octavo.press/_next/static/chunks/1bs0djjc201mw.js:0
[   44744ms] [ERROR] Error @ https://one.octavo.press/_next/static/chunks/1bs0djjc201mw.js:0
[   44744ms] [ERROR] Error @ https://one.octavo.press/_next/static/chunks/1bs0djjc201mw.js:0
[   44744ms] [ERROR] Error @ https://one.octavo.press/_next/static/chunks/1bs0djjc201mw.js:0
[   44766ms] [ERROR] Error @ https://one.octavo.press/_next/static/chunks/1bs0djjc201mw.js:0
[   44767ms] [ERROR] Error @ https://one.octavo.press/_next/static/chunks/1bs0djjc201mw.js:0
[   44790ms] [ERROR] Error @ https://one.octavo.press/_next/static/chunks/1bs0djjc201mw.js:0
[   44910ms] [ERROR] Error @ https://one.octavo.press/_next/static/chunks/1bs0djjc201mw.js:0
[   45117ms] [ERROR] Framing 'https://js.stripe.com/' violates the following report-only Content Security Policy directive: "default-src 'self'". The violation has been logged, but no further action has been taken. Note that 'frame-src' was not explicitly set, so 'default-src' is used as a fallback.
 @ https://js.stripe.com/:0
[   45120ms] [ERROR] Framing 'https://js.stripe.com/' violates the following report-only Content Security Policy directive: "default-src 'self'". The violation has been logged, but no further action has been taken. Note that 'frame-src' was not explicitly set, so 'default-src' is used as a fallback.
 @ https://js.stripe.com/:0
[  197962ms] [INFO] Connecting to 'https://tiles.openfreemap.org/styles/positron' violates the following Content Security Policy directive: "connect-src 'self' https://api.stripe.com". The policy is report-only, so the violation has been logged but no further action has been taken. @ https://one.octavo.press/_next/static/chunks/1bs0djjc201mw.js:0
[  197963ms] [INFO] Connecting to 'https://tiles.openfreemap.org/styles/positron' violates the following Content Security Policy directive: "connect-src 'self' https://api.stripe.com". The policy is report-only, so the violation has been logged but no further action has been taken. @ https://one.octavo.press/_next/static/chunks/1bs0djjc201mw.js:0
[  198002ms] [INFO] Connecting to 'https://tiles.openfreemap.org/planet' violates the following Content Security Policy directive: "connect-src 'self' https://api.stripe.com". The policy is report-only, so the violation has been logged but no further action has been taken. @ https://one.octavo.press/_next/static/chunks/1bs0djjc201mw.js:0
[  198002ms] [INFO] Connecting to 'https://tiles.openfreemap.org/planet' violates the following Content Security Policy directive: "connect-src 'self' https://api.stripe.com". The policy is report-only, so the violation has been logged but no further action has been taken. @ https://one.octavo.press/_next/static/chunks/1bs0djjc201mw.js:0
[  198002ms] [INFO] Connecting to 'https://tiles.openfreemap.org/sprites/ofm_f384/ofm@2x.json' violates the following Content Security Policy directive: "connect-src 'self' https://api.stripe.com". The policy is report-only, so the violation has been logged but no further action has been taken. @ https://one.octavo.press/_next/static/chunks/1bs0djjc201mw.js:0
[  198003ms] [INFO] Connecting to 'https://tiles.openfreemap.org/sprites/ofm_f384/ofm@2x.json' violates the following Content Security Policy directive: "connect-src 'self' https://api.stripe.com". The policy is report-only, so the violation has been logged but no further action has been taken. @ https://one.octavo.press/_next/static/chunks/1bs0djjc201mw.js:0
[  198003ms] [INFO] Connecting to 'https://tiles.openfreemap.org/sprites/ofm_f384/ofm@2x.png' violates the following Content Security Policy directive: "connect-src 'self' https://api.stripe.com". The policy is report-only, so the violation has been logged but no further action has been taken. @ https://one.octavo.press/_next/static/chunks/1bs0djjc201mw.js:0
[  198003ms] [INFO] Connecting to 'https://tiles.openfreemap.org/sprites/ofm_f384/ofm@2x.png' violates the following Content Security Policy directive: "connect-src 'self' https://api.stripe.com". The policy is report-only, so the violation has been logged but no further action has been taken. @ https://one.octavo.press/_next/static/chunks/1bs0djjc201mw.js:0
[  198200ms] [INFO] Loading the script 'https://js.stripe.com/clover/stripe.js' violates the following Content Security Policy directive: "script-src 'self' 'unsafe-eval' 'unsafe-inline'". Note that 'script-src-elem' was not explicitly set, so 'script-src' is used as a fallback. The policy is report-only, so the violation has been logged but no further action has been taken. @ https://one.octavo.press/_next/static/chunks/0uygzpc38t6ah.js:0
[  198217ms] [WARNING] Expected value to be of type number, but found null instead. @ blob:https://one.octavo.press/2cddf406-35ea-4564-884a-85fc4174ac60:0
[  198218ms] [WARNING] Expected value to be of type number, but found null instead. @ blob:https://one.octavo.press/2cddf406-35ea-4564-884a-85fc4174ac60:0
[  198218ms] [WARNING] Expected value to be of type number, but found null instead. @ blob:https://one.octavo.press/2cddf406-35ea-4564-884a-85fc4174ac60:0
[  198221ms] [INFO] Connecting to 'https://tiles.openfreemap.org/fonts/Noto%20Sans%20Italic/0-255.pbf' violates the following Content Security Policy directive: "connect-src 'self' https://api.stripe.com". The policy is report-only, so the violation has been logged but no further action has been taken. @ https://one.octavo.press/_next/static/chunks/1bs0djjc201mw.js:0
[  198221ms] [INFO] Connecting to 'https://tiles.openfreemap.org/fonts/Noto%20Sans%20Italic/0-255.pbf' violates the following Content Security Policy directive: "connect-src 'self' https://api.stripe.com". The policy is report-only, so the violation has been logged but no further action has been taken. @ https://one.octavo.press/_next/static/chunks/1bs0djjc201mw.js:0
[  198222ms] [INFO] Connecting to 'https://tiles.openfreemap.org/fonts/Noto%20Sans%20Regular/0-255.pbf' violates the following Content Security Policy directive: "connect-src 'self' https://api.stripe.com". The policy is report-only, so the violation has been logged but no further action has been taken. @ https://one.octavo.press/_next/static/chunks/1bs0djjc201mw.js:0
[  198222ms] [INFO] Connecting to 'https://tiles.openfreemap.org/fonts/Noto%20Sans%20Regular/0-255.pbf' violates the following Content Security Policy directive: "connect-src 'self' https://api.stripe.com". The policy is report-only, so the violation has been logged but no further action has been taken. @ https://one.octavo.press/_next/static/chunks/1bs0djjc201mw.js:0
[  198308ms] [ERROR] Framing 'https://js.stripe.com/' violates the following report-only Content Security Policy directive: "default-src 'self'". The violation has been logged, but no further action has been taken. Note that 'frame-src' was not explicitly set, so 'default-src' is used as a fallback.
 @ https://js.stripe.com/:0
[  198350ms] [ERROR] Framing 'https://js.stripe.com/' violates the following report-only Content Security Policy directive: "default-src 'self'". The violation has been logged, but no further action has been taken. Note that 'frame-src' was not explicitly set, so 'default-src' is used as a fallback.
 @ https://js.stripe.com/:0
[  198640ms] [ERROR] Error @ https://one.octavo.press/_next/static/chunks/1bs0djjc201mw.js:0
[  198640ms] [ERROR] Error @ https://one.octavo.press/_next/static/chunks/1bs0djjc201mw.js:0
[  198640ms] [ERROR] Error @ https://one.octavo.press/_next/static/chunks/1bs0djjc201mw.js:0
[  198641ms] [ERROR] Error @ https://one.octavo.press/_next/static/chunks/1bs0djjc201mw.js:0
[  198651ms] [ERROR] Error @ https://one.octavo.press/_next/static/chunks/1bs0djjc201mw.js:0
[  198651ms] [ERROR] Error @ https://one.octavo.press/_next/static/chunks/1bs0djjc201mw.js:0
[  198651ms] [ERROR] Error @ https://one.octavo.press/_next/static/chunks/1bs0djjc201mw.js:0
[  198652ms] [ERROR] Error @ https://one.octavo.press/_next/static/chunks/1bs0djjc201mw.js:0
[  198662ms] [ERROR] Error @ https://one.octavo.press/_next/static/chunks/1bs0djjc201mw.js:0
[  198662ms] [ERROR] Error @ https://one.octavo.press/_next/static/chunks/1bs0djjc201mw.js:0
[  198681ms] [ERROR] Error @ https://one.octavo.press/_next/static/chunks/1bs0djjc201mw.js:0
[  198744ms] [ERROR] Error @ https://one.octavo.press/_next/static/chunks/1bs0djjc201mw.js:0
[  199297ms] [ERROR] Framing 'https://js.stripe.com/' violates the following report-only Content Security Policy directive: "default-src 'self'". The violation has been logged, but no further action has been taken. Note that 'frame-src' was not explicitly set, so 'default-src' is used as a fallback.
 @ https://js.stripe.com/:0
[  199298ms] [ERROR] Framing 'https://js.stripe.com/' violates the following report-only Content Security Policy directive: "default-src 'self'". The violation has been logged, but no further action has been taken. Note that 'frame-src' was not explicitly set, so 'default-src' is used as a fallback.
 @ https://js.stripe.com/:0
[  203784ms] [INFO] Loading the script 'https://js.stripe.com/v3/fingerprinted/js/trusted-types-checker-5f0c8e2badcf649fffcda863f4764381.js' violates the following Content Security Policy directive: "script-src 'self' 'unsafe-eval' 'unsafe-inline'". Note that 'script-src-elem' was not explicitly set, so 'script-src' is used as a fallback. The policy is report-only, so the violation has been logged but no further action has been taken. @ https://js.stripe.com/clover/stripe.js:0
[  227270ms] [INFO] Connecting to 'https://tiles.openfreemap.org/styles/positron' violates the following Content Security Policy directive: "connect-src 'self' https://api.stripe.com". The policy is report-only, so the violation has been logged but no further action has been taken. @ https://one.octavo.press/_next/static/chunks/1bs0djjc201mw.js:0
[  227271ms] [INFO] Connecting to 'https://tiles.openfreemap.org/styles/positron' violates the following Content Security Policy directive: "connect-src 'self' https://api.stripe.com". The policy is report-only, so the violation has been logged but no further action has been taken. @ https://one.octavo.press/_next/static/chunks/1bs0djjc201mw.js:0
[  227286ms] [INFO] Loading the script 'https://js.stripe.com/clover/stripe.js' violates the following Content Security Policy directive: "script-src 'self' 'unsafe-eval' 'unsafe-inline'". Note that 'script-src-elem' was not explicitly set, so 'script-src' is used as a fallback. The policy is report-only, so the violation has been logged but no further action has been taken. @ https://one.octavo.press/_next/static/chunks/0uygzpc38t6ah.js:0
[  227334ms] [INFO] Connecting to 'https://tiles.openfreemap.org/planet' violates the following Content Security Policy directive: "connect-src 'self' https://api.stripe.com". The policy is report-only, so the violation has been logged but no further action has been taken. @ https://one.octavo.press/_next/static/chunks/1bs0djjc201mw.js:0
[  227334ms] [INFO] Connecting to 'https://tiles.openfreemap.org/planet' violates the following Content Security Policy directive: "connect-src 'self' https://api.stripe.com". The policy is report-only, so the violation has been logged but no further action has been taken. @ https://one.octavo.press/_next/static/chunks/1bs0djjc201mw.js:0
[  227335ms] [INFO] Connecting to 'https://tiles.openfreemap.org/sprites/ofm_f384/ofm@2x.json' violates the following Content Security Policy directive: "connect-src 'self' https://api.stripe.com". The policy is report-only, so the violation has been logged but no further action has been taken. @ https://one.octavo.press/_next/static/chunks/1bs0djjc201mw.js:0
[  227335ms] [INFO] Connecting to 'https://tiles.openfreemap.org/sprites/ofm_f384/ofm@2x.json' violates the following Content Security Policy directive: "connect-src 'self' https://api.stripe.com". The policy is report-only, so the violation has been logged but no further action has been taken. @ https://one.octavo.press/_next/static/chunks/1bs0djjc201mw.js:0
[  227336ms] [INFO] Connecting to 'https://tiles.openfreemap.org/sprites/ofm_f384/ofm@2x.png' violates the following Content Security Policy directive: "connect-src 'self' https://api.stripe.com". The policy is report-only, so the violation has been logged but no further action has been taken. @ https://one.octavo.press/_next/static/chunks/1bs0djjc201mw.js:0
[  227336ms] [INFO] Connecting to 'https://tiles.openfreemap.org/sprites/ofm_f384/ofm@2x.png' violates the following Content Security Policy directive: "connect-src 'self' https://api.stripe.com". The policy is report-only, so the violation has been logged but no further action has been taken. @ https://one.octavo.press/_next/static/chunks/1bs0djjc201mw.js:0
[  227366ms] [ERROR] Framing 'https://js.stripe.com/' violates the following report-only Content Security Policy directive: "default-src 'self'". The violation has been logged, but no further action has been taken. Note that 'frame-src' was not explicitly set, so 'default-src' is used as a fallback.
 @ https://js.stripe.com/:0
[  227366ms] [ERROR] Framing 'https://js.stripe.com/' violates the following report-only Content Security Policy directive: "default-src 'self'". The violation has been logged, but no further action has been taken. Note that 'frame-src' was not explicitly set, so 'default-src' is used as a fallback.
 @ https://js.stripe.com/:0
[  227516ms] [WARNING] Expected value to be of type number, but found null instead. @ blob:https://one.octavo.press/3bc3446e-a70b-44f0-ad89-fa0fa60a68dc:0
[  227517ms] [WARNING] Expected value to be of type number, but found null instead. @ blob:https://one.octavo.press/3bc3446e-a70b-44f0-ad89-fa0fa60a68dc:0
[  227518ms] [WARNING] Expected value to be of type number, but found null instead. @ blob:https://one.octavo.press/3bc3446e-a70b-44f0-ad89-fa0fa60a68dc:0
[  227520ms] [INFO] Connecting to 'https://tiles.openfreemap.org/fonts/Noto%20Sans%20Italic/0-255.pbf' violates the following Content Security Policy directive: "connect-src 'self' https://api.stripe.com". The policy is report-only, so the violation has been logged but no further action has been taken. @ https://one.octavo.press/_next/static/chunks/1bs0djjc201mw.js:0
[  227521ms] [INFO] Connecting to 'https://tiles.openfreemap.org/fonts/Noto%20Sans%20Italic/0-255.pbf' violates the following Content Security Policy directive: "connect-src 'self' https://api.stripe.com". The policy is report-only, so the violation has been logged but no further action has been taken. @ https://one.octavo.press/_next/static/chunks/1bs0djjc201mw.js:0
[  227521ms] [INFO] Connecting to 'https://tiles.openfreemap.org/fonts/Noto%20Sans%20Regular/0-255.pbf' violates the following Content Security Policy directive: "connect-src 'self' https://api.stripe.com". The policy is report-only, so the violation has been logged but no further action has been taken. @ https://one.octavo.press/_next/static/chunks/1bs0djjc201mw.js:0
[  227521ms] [INFO] Connecting to 'https://tiles.openfreemap.org/fonts/Noto%20Sans%20Regular/0-255.pbf' violates the following Content Security Policy directive: "connect-src 'self' https://api.stripe.com". The policy is report-only, so the violation has been logged but no further action has been taken. @ https://one.octavo.press/_next/static/chunks/1bs0djjc201mw.js:0
[  227952ms] [ERROR] Error @ https://one.octavo.press/_next/static/chunks/1bs0djjc201mw.js:0
[  227953ms] [ERROR] Error @ https://one.octavo.press/_next/static/chunks/1bs0djjc201mw.js:0
[  227953ms] [ERROR] Error @ https://one.octavo.press/_next/static/chunks/1bs0djjc201mw.js:0
[  227953ms] [ERROR] Error @ https://one.octavo.press/_next/static/chunks/1bs0djjc201mw.js:0
[  227966ms] [ERROR] Error @ https://one.octavo.press/_next/static/chunks/1bs0djjc201mw.js:0
[  227966ms] [ERROR] Error @ https://one.octavo.press/_next/static/chunks/1bs0djjc201mw.js:0
[  227966ms] [ERROR] Error @ https://one.octavo.press/_next/static/chunks/1bs0djjc201mw.js:0
[  227966ms] [ERROR] Error @ https://one.octavo.press/_next/static/chunks/1bs0djjc201mw.js:0
[  227979ms] [ERROR] Error @ https://one.octavo.press/_next/static/chunks/1bs0djjc201mw.js:0
[  227982ms] [ERROR] Error @ https://one.octavo.press/_next/static/chunks/1bs0djjc201mw.js:0
[  228127ms] [ERROR] Error @ https://one.octavo.press/_next/static/chunks/1bs0djjc201mw.js:0
[  228310ms] [ERROR] Framing 'https://js.stripe.com/' violates the following report-only Content Security Policy directive: "default-src 'self'". The violation has been logged, but no further action has been taken. Note that 'frame-src' was not explicitly set, so 'default-src' is used as a fallback.
 @ https://js.stripe.com/:0
[  228312ms] [ERROR] Framing 'https://js.stripe.com/' violates the following report-only Content Security Policy directive: "default-src 'self'". The violation has been logged, but no further action has been taken. Note that 'frame-src' was not explicitly set, so 'default-src' is used as a fallback.
 @ https://js.stripe.com/:0
[  232425ms] [INFO] Loading the script 'https://js.stripe.com/v3/fingerprinted/js/trusted-types-checker-5f0c8e2badcf649fffcda863f4764381.js' violates the following Content Security Policy directive: "script-src 'self' 'unsafe-eval' 'unsafe-inline'". Note that 'script-src-elem' was not explicitly set, so 'script-src' is used as a fallback. The policy is report-only, so the violation has been logged but no further action has been taken. @ https://js.stripe.com/clover/stripe.js:0
[  390631ms] [INFO] Connecting to 'https://tiles.openfreemap.org/styles/positron' violates the following Content Security Policy directive: "connect-src 'self' https://api.stripe.com". The policy is report-only, so the violation has been logged but no further action has been taken. @ https://one.octavo.press/_next/static/chunks/1xx7i4il04enn.js:0
[  390632ms] [INFO] Connecting to 'https://tiles.openfreemap.org/styles/positron' violates the following Content Security Policy directive: "connect-src 'self' https://api.stripe.com". The policy is report-only, so the violation has been logged but no further action has been taken. @ https://one.octavo.press/_next/static/chunks/1xx7i4il04enn.js:0
[  390691ms] [INFO] Connecting to 'https://tiles.openfreemap.org/planet' violates the following Content Security Policy directive: "connect-src 'self' https://api.stripe.com". The policy is report-only, so the violation has been logged but no further action has been taken. @ https://one.octavo.press/_next/static/chunks/1xx7i4il04enn.js:0
[  390691ms] [INFO] Connecting to 'https://tiles.openfreemap.org/planet' violates the following Content Security Policy directive: "connect-src 'self' https://api.stripe.com". The policy is report-only, so the violation has been logged but no further action has been taken. @ https://one.octavo.press/_next/static/chunks/1xx7i4il04enn.js:0
[  390692ms] [INFO] Connecting to 'https://tiles.openfreemap.org/sprites/ofm_f384/ofm@2x.json' violates the following Content Security Policy directive: "connect-src 'self' https://api.stripe.com". The policy is report-only, so the violation has been logged but no further action has been taken. @ https://one.octavo.press/_next/static/chunks/1xx7i4il04enn.js:0
[  390692ms] [INFO] Connecting to 'https://tiles.openfreemap.org/sprites/ofm_f384/ofm@2x.json' violates the following Content Security Policy directive: "connect-src 'self' https://api.stripe.com". The policy is report-only, so the violation has been logged but no further action has been taken. @ https://one.octavo.press/_next/static/chunks/1xx7i4il04enn.js:0
[  390693ms] [INFO] Connecting to 'https://tiles.openfreemap.org/sprites/ofm_f384/ofm@2x.png' violates the following Content Security Policy directive: "connect-src 'self' https://api.stripe.com". The policy is report-only, so the violation has been logged but no further action has been taken. @ https://one.octavo.press/_next/static/chunks/1xx7i4il04enn.js:0
[  390693ms] [INFO] Connecting to 'https://tiles.openfreemap.org/sprites/ofm_f384/ofm@2x.png' violates the following Content Security Policy directive: "connect-src 'self' https://api.stripe.com". The policy is report-only, so the violation has been logged but no further action has been taken. @ https://one.octavo.press/_next/static/chunks/1xx7i4il04enn.js:0
[  390808ms] [INFO] Loading the script 'https://js.stripe.com/clover/stripe.js' violates the following Content Security Policy directive: "script-src 'self' 'unsafe-eval' 'unsafe-inline'". Note that 'script-src-elem' was not explicitly set, so 'script-src' is used as a fallback. The policy is report-only, so the violation has been logged but no further action has been taken. @ https://one.octavo.press/_next/static/chunks/0uygzpc38t6ah.js:0
[  390907ms] [ERROR] Framing 'https://js.stripe.com/' violates the following report-only Content Security Policy directive: "default-src 'self'". The violation has been logged, but no further action has been taken. Note that 'frame-src' was not explicitly set, so 'default-src' is used as a fallback.
 @ https://js.stripe.com/:0
[  390912ms] [ERROR] Framing 'https://js.stripe.com/' violates the following report-only Content Security Policy directive: "default-src 'self'". The violation has been logged, but no further action has been taken. Note that 'frame-src' was not explicitly set, so 'default-src' is used as a fallback.
 @ https://js.stripe.com/:0
[  390933ms] [WARNING] Expected value to be of type number, but found null instead. @ blob:https://one.octavo.press/b676599f-cf46-4849-aeab-a649d9032f68:0
[  390934ms] [WARNING] Expected value to be of type number, but found null instead. @ blob:https://one.octavo.press/b676599f-cf46-4849-aeab-a649d9032f68:0
[  390935ms] [WARNING] Expected value to be of type number, but found null instead. @ blob:https://one.octavo.press/b676599f-cf46-4849-aeab-a649d9032f68:0
[  390939ms] [INFO] Connecting to 'https://tiles.openfreemap.org/fonts/Noto%20Sans%20Italic/0-255.pbf' violates the following Content Security Policy directive: "connect-src 'self' https://api.stripe.com". The policy is report-only, so the violation has been logged but no further action has been taken. @ https://one.octavo.press/_next/static/chunks/1xx7i4il04enn.js:0
[  390939ms] [INFO] Connecting to 'https://tiles.openfreemap.org/fonts/Noto%20Sans%20Italic/0-255.pbf' violates the following Content Security Policy directive: "connect-src 'self' https://api.stripe.com". The policy is report-only, so the violation has been logged but no further action has been taken. @ https://one.octavo.press/_next/static/chunks/1xx7i4il04enn.js:0
[  390939ms] [INFO] Connecting to 'https://tiles.openfreemap.org/fonts/Noto%20Sans%20Regular/0-255.pbf' violates the following Content Security Policy directive: "connect-src 'self' https://api.stripe.com". The policy is report-only, so the violation has been logged but no further action has been taken. @ https://one.octavo.press/_next/static/chunks/1xx7i4il04enn.js:0
[  390940ms] [INFO] Connecting to 'https://tiles.openfreemap.org/fonts/Noto%20Sans%20Regular/0-255.pbf' violates the following Content Security Policy directive: "connect-src 'self' https://api.stripe.com". The policy is report-only, so the violation has been logged but no further action has been taken. @ https://one.octavo.press/_next/static/chunks/1xx7i4il04enn.js:0
[  391456ms] [INFO] Connecting to 'https://tiles.openfreemap.org/fonts/DIN%20Pro%20Medium,Arial%20Unicode%20MS%20Bold/0-255.pbf' violates the following Content Security Policy directive: "connect-src 'self' https://api.stripe.com". The policy is report-only, so the violation has been logged but no further action has been taken. @ https://one.octavo.press/_next/static/chunks/1xx7i4il04enn.js:0
[  391456ms] [INFO] Connecting to 'https://tiles.openfreemap.org/fonts/DIN%20Pro%20Medium,Arial%20Unicode%20MS%20Bold/0-255.pbf' violates the following Content Security Policy directive: "connect-src 'self' https://api.stripe.com". The policy is report-only, so the violation has been logged but no further action has been taken. @ https://one.octavo.press/_next/static/chunks/1xx7i4il04enn.js:0
[  391918ms] [ERROR] Framing 'https://js.stripe.com/' violates the following report-only Content Security Policy directive: "default-src 'self'". The violation has been logged, but no further action has been taken. Note that 'frame-src' was not explicitly set, so 'default-src' is used as a fallback.
 @ https://js.stripe.com/:0
[  391923ms] [ERROR] Framing 'https://js.stripe.com/' violates the following report-only Content Security Policy directive: "default-src 'self'". The violation has been logged, but no further action has been taken. Note that 'frame-src' was not explicitly set, so 'default-src' is used as a fallback.
 @ https://js.stripe.com/:0
[  392202ms] [ERROR] Failed to load resource: the server responded with a status of 404 () @ https://tiles.openfreemap.org/fonts/DIN%20Pro%20Medium,Arial%20Unicode%20MS%20Bold/0-255.pbf:0
[  392214ms] [WARNING] Unable to load glyph range 0, 0-255. Rendering codepoint U+0024 locally instead. Error: AJAXError:  (404): https://tiles.openfreemap.org/fonts/DIN Pro Medium,Arial Unicode MS Bold/0-255.pbf @ https://one.octavo.press/_next/static/chunks/1xx7i4il04enn.js:0
[  392214ms] [WARNING] Unable to load glyph range 0, 0-255. Rendering codepoint U+002E locally instead. Error: AJAXError:  (404): https://tiles.openfreemap.org/fonts/DIN Pro Medium,Arial Unicode MS Bold/0-255.pbf @ https://one.octavo.press/_next/static/chunks/1xx7i4il04enn.js:0
[  392215ms] [WARNING] Unable to load glyph range 0, 0-255. Rendering codepoint U+0030 locally instead. Error: AJAXError:  (404): https://tiles.openfreemap.org/fonts/DIN Pro Medium,Arial Unicode MS Bold/0-255.pbf @ https://one.octavo.press/_next/static/chunks/1xx7i4il04enn.js:0
[  392216ms] [WARNING] Unable to load glyph range 0, 0-255. Rendering codepoint U+0031 locally instead. Error: AJAXError:  (404): https://tiles.openfreemap.org/fonts/DIN Pro Medium,Arial Unicode MS Bold/0-255.pbf @ https://one.octavo.press/_next/static/chunks/1xx7i4il04enn.js:0
[  392217ms] [WARNING] Unable to load glyph range 0, 0-255. Rendering codepoint U+0032 locally instead. Error: AJAXError:  (404): https://tiles.openfreemap.org/fonts/DIN Pro Medium,Arial Unicode MS Bold/0-255.pbf @ https://one.octavo.press/_next/static/chunks/1xx7i4il04enn.js:0
[  392218ms] [WARNING] Unable to load glyph range 0, 0-255. Rendering codepoint U+0033 locally instead. Error: AJAXError:  (404): https://tiles.openfreemap.org/fonts/DIN Pro Medium,Arial Unicode MS Bold/0-255.pbf @ https://one.octavo.press/_next/static/chunks/1xx7i4il04enn.js:0
[  392218ms] [WARNING] Unable to load glyph range 0, 0-255. Rendering codepoint U+0034 locally instead. Error: AJAXError:  (404): https://tiles.openfreemap.org/fonts/DIN Pro Medium,Arial Unicode MS Bold/0-255.pbf @ https://one.octavo.press/_next/static/chunks/1xx7i4il04enn.js:0
[  392219ms] [WARNING] Unable to load glyph range 0, 0-255. Rendering codepoint U+0035 locally instead. Error: AJAXError:  (404): https://tiles.openfreemap.org/fonts/DIN Pro Medium,Arial Unicode MS Bold/0-255.pbf @ https://one.octavo.press/_next/static/chunks/1xx7i4il04enn.js:0
[  392219ms] [WARNING] Unable to load glyph range 0, 0-255. Rendering codepoint U+0036 locally instead. Error: AJAXError:  (404): https://tiles.openfreemap.org/fonts/DIN Pro Medium,Arial Unicode MS Bold/0-255.pbf @ https://one.octavo.press/_next/static/chunks/1xx7i4il04enn.js:0
[  392220ms] [WARNING] Unable to load glyph range 0, 0-255. Rendering codepoint U+0037 locally instead. Error: AJAXError:  (404): https://tiles.openfreemap.org/fonts/DIN Pro Medium,Arial Unicode MS Bold/0-255.pbf @ https://one.octavo.press/_next/static/chunks/1xx7i4il04enn.js:0
[  392220ms] [WARNING] Unable to load glyph range 0, 0-255. Rendering codepoint U+0038 locally instead. Error: AJAXError:  (404): https://tiles.openfreemap.org/fonts/DIN Pro Medium,Arial Unicode MS Bold/0-255.pbf @ https://one.octavo.press/_next/static/chunks/1xx7i4il04enn.js:0
[  392221ms] [WARNING] Unable to load glyph range 0, 0-255. Rendering codepoint U+0039 locally instead. Error: AJAXError:  (404): https://tiles.openfreemap.org/fonts/DIN Pro Medium,Arial Unicode MS Bold/0-255.pbf @ https://one.octavo.press/_next/static/chunks/1xx7i4il04enn.js:0
[  392221ms] [WARNING] Unable to load glyph range 0, 0-255. Rendering codepoint U+004B locally instead. Error: AJAXError:  (404): https://tiles.openfreemap.org/fonts/DIN Pro Medium,Arial Unicode MS Bold/0-255.pbf @ https://one.octavo.press/_next/static/chunks/1xx7i4il04enn.js:0
[  392222ms] [WARNING] Unable to load glyph range 0, 0-255. Rendering codepoint U+004D locally instead. Error: AJAXError:  (404): https://tiles.openfreemap.org/fonts/DIN Pro Medium,Arial Unicode MS Bold/0-255.pbf @ https://one.octavo.press/_next/static/chunks/1xx7i4il04enn.js:0
[  392238ms] [WARNING] Expected value to be of type number, but found string instead. @ blob:https://one.octavo.press/b676599f-cf46-4849-aeab-a649d9032f68:0
[  395968ms] [INFO] Loading the script 'https://js.stripe.com/v3/fingerprinted/js/trusted-types-checker-5f0c8e2badcf649fffcda863f4764381.js' violates the following Content Security Policy directive: "script-src 'self' 'unsafe-eval' 'unsafe-inline'". Note that 'script-src-elem' was not explicitly set, so 'script-src' is used as a fallback. The policy is report-only, so the violation has been logged but no further action has been taken. @ https://js.stripe.com/clover/stripe.js:0
[  418203ms] [INFO] Connecting to 'https://tiles.openfreemap.org/styles/positron' violates the following Content Security Policy directive: "connect-src 'self' https://api.stripe.com". The policy is report-only, so the violation has been logged but no further action has been taken. @ https://one.octavo.press/_next/static/chunks/1xx7i4il04enn.js:0
[  418204ms] [INFO] Connecting to 'https://tiles.openfreemap.org/styles/positron' violates the following Content Security Policy directive: "connect-src 'self' https://api.stripe.com". The policy is report-only, so the violation has been logged but no further action has been taken. @ https://one.octavo.press/_next/static/chunks/1xx7i4il04enn.js:0
[  418244ms] [INFO] Connecting to 'https://tiles.openfreemap.org/planet' violates the following Content Security Policy directive: "connect-src 'self' https://api.stripe.com". The policy is report-only, so the violation has been logged but no further action has been taken. @ https://one.octavo.press/_next/static/chunks/1xx7i4il04enn.js:0
[  418244ms] [INFO] Connecting to 'https://tiles.openfreemap.org/planet' violates the following Content Security Policy directive: "connect-src 'self' https://api.stripe.com". The policy is report-only, so the violation has been logged but no further action has been taken. @ https://one.octavo.press/_next/static/chunks/1xx7i4il04enn.js:0
[  418244ms] [INFO] Connecting to 'https://tiles.openfreemap.org/sprites/ofm_f384/ofm@2x.json' violates the following Content Security Policy directive: "connect-src 'self' https://api.stripe.com". The policy is report-only, so the violation has been logged but no further action has been taken. @ https://one.octavo.press/_next/static/chunks/1xx7i4il04enn.js:0
[  418245ms] [INFO] Connecting to 'https://tiles.openfreemap.org/sprites/ofm_f384/ofm@2x.json' violates the following Content Security Policy directive: "connect-src 'self' https://api.stripe.com". The policy is report-only, so the violation has been logged but no further action has been taken. @ https://one.octavo.press/_next/static/chunks/1xx7i4il04enn.js:0
[  418245ms] [INFO] Connecting to 'https://tiles.openfreemap.org/sprites/ofm_f384/ofm@2x.png' violates the following Content Security Policy directive: "connect-src 'self' https://api.stripe.com". The policy is report-only, so the violation has been logged but no further action has been taken. @ https://one.octavo.press/_next/static/chunks/1xx7i4il04enn.js:0
[  418245ms] [INFO] Connecting to 'https://tiles.openfreemap.org/sprites/ofm_f384/ofm@2x.png' violates the following Content Security Policy directive: "connect-src 'self' https://api.stripe.com". The policy is report-only, so the violation has been logged but no further action has been taken. @ https://one.octavo.press/_next/static/chunks/1xx7i4il04enn.js:0
[  418246ms] [INFO] Loading the script 'https://js.stripe.com/clover/stripe.js' violates the following Content Security Policy directive: "script-src 'self' 'unsafe-eval' 'unsafe-inline'". Note that 'script-src-elem' was not explicitly set, so 'script-src' is used as a fallback. The policy is report-only, so the violation has been logged but no further action has been taken. @ https://one.octavo.press/_next/static/chunks/0uygzpc38t6ah.js:0
[  418325ms] [ERROR] Framing 'https://js.stripe.com/' violates the following report-only Content Security Policy directive: "default-src 'self'". The violation has been logged, but no further action has been taken. Note that 'frame-src' was not explicitly set, so 'default-src' is used as a fallback.
 @ https://js.stripe.com/:0
[  418326ms] [ERROR] Framing 'https://js.stripe.com/' violates the following report-only Content Security Policy directive: "default-src 'self'". The violation has been logged, but no further action has been taken. Note that 'frame-src' was not explicitly set, so 'default-src' is used as a fallback.
 @ https://js.stripe.com/:0
[  418454ms] [WARNING] Expected value to be of type number, but found null instead. @ blob:https://one.octavo.press/a2f7e53f-5e78-4ded-b86d-a95dfc9fc742:0
[  418454ms] [WARNING] Expected value to be of type number, but found null instead. @ blob:https://one.octavo.press/a2f7e53f-5e78-4ded-b86d-a95dfc9fc742:0
[  418455ms] [WARNING] Expected value to be of type number, but found null instead. @ blob:https://one.octavo.press/a2f7e53f-5e78-4ded-b86d-a95dfc9fc742:0
[  418458ms] [INFO] Connecting to 'https://tiles.openfreemap.org/fonts/Noto%20Sans%20Italic/0-255.pbf' violates the following Content Security Policy directive: "connect-src 'self' https://api.stripe.com". The policy is report-only, so the violation has been logged but no further action has been taken. @ https://one.octavo.press/_next/static/chunks/1xx7i4il04enn.js:0
[  418458ms] [INFO] Connecting to 'https://tiles.openfreemap.org/fonts/Noto%20Sans%20Italic/0-255.pbf' violates the following Content Security Policy directive: "connect-src 'self' https://api.stripe.com". The policy is report-only, so the violation has been logged but no further action has been taken. @ https://one.octavo.press/_next/static/chunks/1xx7i4il04enn.js:0
[  418459ms] [INFO] Connecting to 'https://tiles.openfreemap.org/fonts/Noto%20Sans%20Regular/0-255.pbf' violates the following Content Security Policy directive: "connect-src 'self' https://api.stripe.com". The policy is report-only, so the violation has been logged but no further action has been taken. @ https://one.octavo.press/_next/static/chunks/1xx7i4il04enn.js:0
[  418459ms] [INFO] Connecting to 'https://tiles.openfreemap.org/fonts/Noto%20Sans%20Regular/0-255.pbf' violates the following Content Security Policy directive: "connect-src 'self' https://api.stripe.com". The policy is report-only, so the violation has been logged but no further action has been taken. @ https://one.octavo.press/_next/static/chunks/1xx7i4il04enn.js:0
[  418946ms] [INFO] Connecting to 'https://tiles.openfreemap.org/fonts/DIN%20Pro%20Medium,Arial%20Unicode%20MS%20Bold/0-255.pbf' violates the following Content Security Policy directive: "connect-src 'self' https://api.stripe.com". The policy is report-only, so the violation has been logged but no further action has been taken. @ https://one.octavo.press/_next/static/chunks/1xx7i4il04enn.js:0
[  418946ms] [INFO] Connecting to 'https://tiles.openfreemap.org/fonts/DIN%20Pro%20Medium,Arial%20Unicode%20MS%20Bold/0-255.pbf' violates the following Content Security Policy directive: "connect-src 'self' https://api.stripe.com". The policy is report-only, so the violation has been logged but no further action has been taken. @ https://one.octavo.press/_next/static/chunks/1xx7i4il04enn.js:0
[  418953ms] [ERROR] Failed to load resource: the server responded with a status of 404 () @ https://tiles.openfreemap.org/fonts/DIN%20Pro%20Medium,Arial%20Unicode%20MS%20Bold/0-255.pbf:0
[  418962ms] [WARNING] Unable to load glyph range 0, 0-255. Rendering codepoint U+0024 locally instead. Error: AJAXError:  (404): https://tiles.openfreemap.org/fonts/DIN Pro Medium,Arial Unicode MS Bold/0-255.pbf @ https://one.octavo.press/_next/static/chunks/1xx7i4il04enn.js:0
[  418963ms] [WARNING] Unable to load glyph range 0, 0-255. Rendering codepoint U+002E locally instead. Error: AJAXError:  (404): https://tiles.openfreemap.org/fonts/DIN Pro Medium,Arial Unicode MS Bold/0-255.pbf @ https://one.octavo.press/_next/static/chunks/1xx7i4il04enn.js:0
[  418964ms] [WARNING] Unable to load glyph range 0, 0-255. Rendering codepoint U+0030 locally instead. Error: AJAXError:  (404): https://tiles.openfreemap.org/fonts/DIN Pro Medium,Arial Unicode MS Bold/0-255.pbf @ https://one.octavo.press/_next/static/chunks/1xx7i4il04enn.js:0
[  418964ms] [WARNING] Unable to load glyph range 0, 0-255. Rendering codepoint U+0031 locally instead. Error: AJAXError:  (404): https://tiles.openfreemap.org/fonts/DIN Pro Medium,Arial Unicode MS Bold/0-255.pbf @ https://one.octavo.press/_next/static/chunks/1xx7i4il04enn.js:0
[  418965ms] [WARNING] Unable to load glyph range 0, 0-255. Rendering codepoint U+0032 locally instead. Error: AJAXError:  (404): https://tiles.openfreemap.org/fonts/DIN Pro Medium,Arial Unicode MS Bold/0-255.pbf @ https://one.octavo.press/_next/static/chunks/1xx7i4il04enn.js:0
[  418966ms] [WARNING] Unable to load glyph range 0, 0-255. Rendering codepoint U+0033 locally instead. Error: AJAXError:  (404): https://tiles.openfreemap.org/fonts/DIN Pro Medium,Arial Unicode MS Bold/0-255.pbf @ https://one.octavo.press/_next/static/chunks/1xx7i4il04enn.js:0
[  418967ms] [WARNING] Unable to load glyph range 0, 0-255. Rendering codepoint U+0034 locally instead. Error: AJAXError:  (404): https://tiles.openfreemap.org/fonts/DIN Pro Medium,Arial Unicode MS Bold/0-255.pbf @ https://one.octavo.press/_next/static/chunks/1xx7i4il04enn.js:0
[  418967ms] [WARNING] Unable to load glyph range 0, 0-255. Rendering codepoint U+0035 locally instead. Error: AJAXError:  (404): https://tiles.openfreemap.org/fonts/DIN Pro Medium,Arial Unicode MS Bold/0-255.pbf @ https://one.octavo.press/_next/static/chunks/1xx7i4il04enn.js:0
[  418968ms] [WARNING] Unable to load glyph range 0, 0-255. Rendering codepoint U+0036 locally instead. Error: AJAXError:  (404): https://tiles.openfreemap.org/fonts/DIN Pro Medium,Arial Unicode MS Bold/0-255.pbf @ https://one.octavo.press/_next/static/chunks/1xx7i4il04enn.js:0
[  418969ms] [WARNING] Unable to load glyph range 0, 0-255. Rendering codepoint U+0037 locally instead. Error: AJAXError:  (404): https://tiles.openfreemap.org/fonts/DIN Pro Medium,Arial Unicode MS Bold/0-255.pbf @ https://one.octavo.press/_next/static/chunks/1xx7i4il04enn.js:0
[  418969ms] [WARNING] Unable to load glyph range 0, 0-255. Rendering codepoint U+0038 locally instead. Error: AJAXError:  (404): https://tiles.openfreemap.org/fonts/DIN Pro Medium,Arial Unicode MS Bold/0-255.pbf @ https://one.octavo.press/_next/static/chunks/1xx7i4il04enn.js:0
[  418970ms] [WARNING] Unable to load glyph range 0, 0-255. Rendering codepoint U+0039 locally instead. Error: AJAXError:  (404): https://tiles.openfreemap.org/fonts/DIN Pro Medium,Arial Unicode MS Bold/0-255.pbf @ https://one.octavo.press/_next/static/chunks/1xx7i4il04enn.js:0
[  418971ms] [WARNING] Unable to load glyph range 0, 0-255. Rendering codepoint U+004B locally instead. Error: AJAXError:  (404): https://tiles.openfreemap.org/fonts/DIN Pro Medium,Arial Unicode MS Bold/0-255.pbf @ https://one.octavo.press/_next/static/chunks/1xx7i4il04enn.js:0
[  418972ms] [WARNING] Unable to load glyph range 0, 0-255. Rendering codepoint U+004D locally instead. Error: AJAXError:  (404): https://tiles.openfreemap.org/fonts/DIN Pro Medium,Arial Unicode MS Bold/0-255.pbf @ https://one.octavo.press/_next/static/chunks/1xx7i4il04enn.js:0
[  418988ms] [WARNING] Expected value to be of type number, but found string instead. @ blob:https://one.octavo.press/a2f7e53f-5e78-4ded-b86d-a95dfc9fc742:0
[  419310ms] [ERROR] Framing 'https://js.stripe.com/' violates the following report-only Content Security Policy directive: "default-src 'self'". The violation has been logged, but no further action has been taken. Note that 'frame-src' was not explicitly set, so 'default-src' is used as a fallback.
 @ https://js.stripe.com/:0
[  419311ms] [ERROR] Framing 'https://js.stripe.com/' violates the following report-only Content Security Policy directive: "default-src 'self'". The violation has been logged, but no further action has been taken. Note that 'frame-src' was not explicitly set, so 'default-src' is used as a fallback.
 @ https://js.stripe.com/:0
[  423385ms] [INFO] Loading the script 'https://js.stripe.com/v3/fingerprinted/js/trusted-types-checker-5f0c8e2badcf649fffcda863f4764381.js' violates the following Content Security Policy directive: "script-src 'self' 'unsafe-eval' 'unsafe-inline'". Note that 'script-src-elem' was not explicitly set, so 'script-src' is used as a fallback. The policy is report-only, so the violation has been logged but no further action has been taken. @ https://js.stripe.com/clover/stripe.js:0
[  705524ms] [INFO] Connecting to 'https://tiles.openfreemap.org/styles/positron' violates the following Content Security Policy directive: "connect-src 'self' https://api.stripe.com". The policy is report-only, so the violation has been logged but no further action has been taken. @ https://one.octavo.press/_next/static/chunks/3kftf-wrzt3oq.js:0
[  705525ms] [INFO] Connecting to 'https://tiles.openfreemap.org/styles/positron' violates the following Content Security Policy directive: "connect-src 'self' https://api.stripe.com". The policy is report-only, so the violation has been logged but no further action has been taken. @ https://one.octavo.press/_next/static/chunks/3kftf-wrzt3oq.js:0
[  705583ms] [INFO] Connecting to 'https://tiles.openfreemap.org/planet' violates the following Content Security Policy directive: "connect-src 'self' https://api.stripe.com". The policy is report-only, so the violation has been logged but no further action has been taken. @ https://one.octavo.press/_next/static/chunks/3kftf-wrzt3oq.js:0
[  705583ms] [INFO] Connecting to 'https://tiles.openfreemap.org/planet' violates the following Content Security Policy directive: "connect-src 'self' https://api.stripe.com". The policy is report-only, so the violation has been logged but no further action has been taken. @ https://one.octavo.press/_next/static/chunks/3kftf-wrzt3oq.js:0
[  705584ms] [INFO] Connecting to 'https://tiles.openfreemap.org/sprites/ofm_f384/ofm@2x.json' violates the following Content Security Policy directive: "connect-src 'self' https://api.stripe.com". The policy is report-only, so the violation has been logged but no further action has been taken. @ https://one.octavo.press/_next/static/chunks/3kftf-wrzt3oq.js:0
[  705584ms] [INFO] Connecting to 'https://tiles.openfreemap.org/sprites/ofm_f384/ofm@2x.json' violates the following Content Security Policy directive: "connect-src 'self' https://api.stripe.com". The policy is report-only, so the violation has been logged but no further action has been taken. @ https://one.octavo.press/_next/static/chunks/3kftf-wrzt3oq.js:0
[  705585ms] [INFO] Connecting to 'https://tiles.openfreemap.org/sprites/ofm_f384/ofm@2x.png' violates the following Content Security Policy directive: "connect-src 'self' https://api.stripe.com". The policy is report-only, so the violation has been logged but no further action has been taken. @ https://one.octavo.press/_next/static/chunks/3kftf-wrzt3oq.js:0
[  705587ms] [INFO] Connecting to 'https://tiles.openfreemap.org/sprites/ofm_f384/ofm@2x.png' violates the following Content Security Policy directive: "connect-src 'self' https://api.stripe.com". The policy is report-only, so the violation has been logged but no further action has been taken. @ https://one.octavo.press/_next/static/chunks/3kftf-wrzt3oq.js:0
[  705694ms] [INFO] Loading the script 'https://js.stripe.com/clover/stripe.js' violates the following Content Security Policy directive: "script-src 'self' 'unsafe-eval' 'unsafe-inline'". Note that 'script-src-elem' was not explicitly set, so 'script-src' is used as a fallback. The policy is report-only, so the violation has been logged but no further action has been taken. @ https://one.octavo.press/_next/static/chunks/0uygzpc38t6ah.js:0
[  705810ms] [ERROR] Framing 'https://js.stripe.com/' violates the following report-only Content Security Policy directive: "default-src 'self'". The violation has been logged, but no further action has been taken. Note that 'frame-src' was not explicitly set, so 'default-src' is used as a fallback.
 @ https://js.stripe.com/:0
[  705813ms] [ERROR] Framing 'https://js.stripe.com/' violates the following report-only Content Security Policy directive: "default-src 'self'". The violation has been logged, but no further action has been taken. Note that 'frame-src' was not explicitly set, so 'default-src' is used as a fallback.
 @ https://js.stripe.com/:0
[  706347ms] [WARNING] Expected value to be of type number, but found null instead. @ blob:https://one.octavo.press/97b66f7e-2eb7-41d6-a12c-41f43a70f403:0
[  706348ms] [WARNING] Expected value to be of type number, but found null instead. @ blob:https://one.octavo.press/97b66f7e-2eb7-41d6-a12c-41f43a70f403:0
[  706349ms] [WARNING] Expected value to be of type number, but found null instead. @ blob:https://one.octavo.press/97b66f7e-2eb7-41d6-a12c-41f43a70f403:0
[  706355ms] [INFO] Connecting to 'https://tiles.openfreemap.org/fonts/Noto%20Sans%20Italic/0-255.pbf' violates the following Content Security Policy directive: "connect-src 'self' https://api.stripe.com". The policy is report-only, so the violation has been logged but no further action has been taken. @ https://one.octavo.press/_next/static/chunks/3kftf-wrzt3oq.js:0
[  706356ms] [INFO] Connecting to 'https://tiles.openfreemap.org/fonts/Noto%20Sans%20Italic/0-255.pbf' violates the following Content Security Policy directive: "connect-src 'self' https://api.stripe.com". The policy is report-only, so the violation has been logged but no further action has been taken. @ https://one.octavo.press/_next/static/chunks/3kftf-wrzt3oq.js:0
[  706356ms] [INFO] Connecting to 'https://tiles.openfreemap.org/fonts/Noto%20Sans%20Regular/0-255.pbf' violates the following Content Security Policy directive: "connect-src 'self' https://api.stripe.com". The policy is report-only, so the violation has been logged but no further action has been taken. @ https://one.octavo.press/_next/static/chunks/3kftf-wrzt3oq.js:0
[  706356ms] [INFO] Connecting to 'https://tiles.openfreemap.org/fonts/Noto%20Sans%20Regular/0-255.pbf' violates the following Content Security Policy directive: "connect-src 'self' https://api.stripe.com". The policy is report-only, so the violation has been logged but no further action has been taken. @ https://one.octavo.press/_next/static/chunks/3kftf-wrzt3oq.js:0
[  706808ms] [ERROR] Framing 'https://js.stripe.com/' violates the following report-only Content Security Policy directive: "default-src 'self'". The violation has been logged, but no further action has been taken. Note that 'frame-src' was not explicitly set, so 'default-src' is used as a fallback.
 @ https://js.stripe.com/:0
[  706812ms] [ERROR] Framing 'https://js.stripe.com/' violates the following report-only Content Security Policy directive: "default-src 'self'". The violation has been logged, but no further action has been taken. Note that 'frame-src' was not explicitly set, so 'default-src' is used as a fallback.
 @ https://js.stripe.com/:0
[  706974ms] [WARNING] Expected value to be of type number, but found string instead. @ blob:https://one.octavo.press/97b66f7e-2eb7-41d6-a12c-41f43a70f403:0
[  710858ms] [INFO] Loading the script 'https://js.stripe.com/v3/fingerprinted/js/trusted-types-checker-5f0c8e2badcf649fffcda863f4764381.js' violates the following Content Security Policy directive: "script-src 'self' 'unsafe-eval' 'unsafe-inline'". Note that 'script-src-elem' was not explicitly set, so 'script-src' is used as a fallback. The policy is report-only, so the violation has been logged but no further action has been taken. @ https://js.stripe.com/clover/stripe.js:0
